<?xml version="1.0" encoding="UTF-8"?>
<testsuite xmlns:xsi="http://www.w3.org/2001/XMLSchema-instance" xsi:noNamespaceSchemaLocation="https://maven.apache.org/surefire/maven-surefire-plugin/xsd/surefire-test-report.xsd" name="order.TestMakeOrder" time="1.765" tests="4" errors="0" skipped="0" failures="0">
  <properties>
    <property name="java.specification.version" value="23"/>
    <property name="sun.cpu.isalist" value="amd64"/>
    <property name="sun.jnu.encoding" value="Cp1251"/>
    <property name="java.class.path" value="D:\Sprint_7\target\test-classes;D:\Sprint_7\target\classes;C:\Users\lenovo\.m2\repository\org\aspectj\aspectjweaver\1.9.22.1\aspectjweaver-1.9.22.1.jar;C:\Users\lenovo\.m2\repository\io\qameta\allure\allure-junit4\2.28.0\allure-junit4-2.28.0.jar;C:\Users\lenovo\.m2\repository\io\qameta\allure\allure-java-commons\2.28.0\allure-java-commons-2.28.0.jar;C:\Users\lenovo\.m2\repository\org\slf4j\slf4j-api\2.0.13\slf4j-api-2.0.13.jar;C:\Users\lenovo\.m2\repository\io\qameta\allure\allure-model\2.28.0\allure-model-2.28.0.jar;C:\Users\lenovo\.m2\repository\io\qameta\allure\allure-test-filter\2.28.0\allure-test-filter-2.28.0.jar;C:\Users\lenovo\.m2\repository\io\qameta\allure\allure-rest-assured\2.28.0\allure-rest-assured-2.28.0.jar;C:\Users\lenovo\.m2\repository\io\qameta\allure\allure-attachments\2.28.0\allure-attachments-2.28.0.jar;C:\Users\lenovo\.m2\repository\org\freemarker\freemarker\2.3.33\freemarker-2.3.33.jar;C:\Users\lenovo\.m2\repository\junit\junit\4.13.2\junit-4.13.2.jar;C:\Users\lenovo\.m2\repository\org\hamcrest\hamcrest-core\1.3\hamcrest-core-1.3.jar;C:\Users\lenovo\.m2\repository\io\rest-assured\rest-assured\5.5.0\rest-assured-5.5.0.jar;C:\Users\lenovo\.m2\repository\org\apache\groovy\groovy\4.0.22\groovy-4.0.22.jar;C:\Users\lenovo\.m2\repository\org\apache\groovy\groovy-xml\4.0.22\groovy-xml-4.0.22.jar;C:\Users\lenovo\.m2\repository\org\apache\httpcomponents\httpclient\4.5.13\httpclient-4.5.13.jar;C:\Users\lenovo\.m2\repository\org\apache\httpcomponents\httpcore\4.4.13\httpcore-4.4.13.jar;C:\Users\lenovo\.m2\repository\commons-logging\commons-logging\1.2\commons-logging-1.2.jar;C:\Users\lenovo\.m2\repository\commons-codec\commons-codec\1.11\commons-codec-1.11.jar;C:\Users\lenovo\.m2\repository\org\apache\httpcomponents\httpmime\4.5.13\httpmime-4.5.13.jar;C:\Users\lenovo\.m2\repository\org\hamcrest\hamcrest\2.2\hamcrest-2.2.jar;C:\Users\lenovo\.m2\repository\org\ccil\cowan\tagsoup\tagsoup\1.2.1\tagsoup-1.2.1.jar;C:\Users\lenovo\.m2\repository\io\rest-assured\json-path\5.5.0\json-path-5.5.0.jar;C:\Users\lenovo\.m2\repository\org\apache\groovy\groovy-json\4.0.22\groovy-json-4.0.22.jar;C:\Users\lenovo\.m2\repository\io\rest-assured\rest-assured-common\5.5.0\rest-assured-common-5.5.0.jar;C:\Users\lenovo\.m2\repository\io\rest-assured\xml-path\5.5.0\xml-path-5.5.0.jar;C:\Users\lenovo\.m2\repository\org\apache\commons\commons-lang3\3.11\commons-lang3-3.11.jar;C:\Users\lenovo\.m2\repository\com\google\code\gson\gson\2.11.0\gson-2.11.0.jar;C:\Users\lenovo\.m2\repository\com\google\errorprone\error_prone_annotations\2.27.0\error_prone_annotations-2.27.0.jar;"/>
    <property name="java.vm.vendor" value="Oracle Corporation"/>
    <property name="sun.arch.data.model" value="64"/>
    <property name="user.variant" value=""/>
    <property name="java.vendor.url" value="https://java.oracle.com/"/>
    <property name="user.timezone" value="Asia/Yekaterinburg"/>
    <property name="os.name" value="Windows 11"/>
    <property name="java.vm.specification.version" value="23"/>
    <property name="sun.java.launcher" value="SUN_STANDARD"/>
    <property name="user.country" value="RU"/>
    <property name="sun.boot.library.path" value="C:\Users\lenovo\.jdks\openjdk-23.0.1\bin"/>
    <property name="sun.java.command" value="C:\Users\lenovo\AppData\Local\Temp\surefire14399156679664607607\surefirebooter1538823698926778055.jar C:\Users\lenovo\AppData\Local\Temp\surefire14399156679664607607 2025-02-11T02-00-15_165-jvmRun1 surefire4084686371035217064tmp surefire_013481498492748837714tmp"/>
    <property name="jdk.debug" value="release"/>
    <property name="surefire.test.class.path" value="D:\Sprint_7\target\test-classes;D:\Sprint_7\target\classes;C:\Users\lenovo\.m2\repository\org\aspectj\aspectjweaver\1.9.22.1\aspectjweaver-1.9.22.1.jar;C:\Users\lenovo\.m2\repository\io\qameta\allure\allure-junit4\2.28.0\allure-junit4-2.28.0.jar;C:\Users\lenovo\.m2\repository\io\qameta\allure\allure-java-commons\2.28.0\allure-java-commons-2.28.0.jar;C:\Users\lenovo\.m2\repository\org\slf4j\slf4j-api\2.0.13\slf4j-api-2.0.13.jar;C:\Users\lenovo\.m2\repository\io\qameta\allure\allure-model\2.28.0\allure-model-2.28.0.jar;C:\Users\lenovo\.m2\repository\io\qameta\allure\allure-test-filter\2.28.0\allure-test-filter-2.28.0.jar;C:\Users\lenovo\.m2\repository\io\qameta\allure\allure-rest-assured\2.28.0\allure-rest-assured-2.28.0.jar;C:\Users\lenovo\.m2\repository\io\qameta\allure\allure-attachments\2.28.0\allure-attachments-2.28.0.jar;C:\Users\lenovo\.m2\repository\org\freemarker\freemarker\2.3.33\freemarker-2.3.33.jar;C:\Users\lenovo\.m2\repository\junit\junit\4.13.2\junit-4.13.2.jar;C:\Users\lenovo\.m2\repository\org\hamcrest\hamcrest-core\1.3\hamcrest-core-1.3.jar;C:\Users\lenovo\.m2\repository\io\rest-assured\rest-assured\5.5.0\rest-assured-5.5.0.jar;C:\Users\lenovo\.m2\repository\org\apache\groovy\groovy\4.0.22\groovy-4.0.22.jar;C:\Users\lenovo\.m2\repository\org\apache\groovy\groovy-xml\4.0.22\groovy-xml-4.0.22.jar;C:\Users\lenovo\.m2\repository\org\apache\httpcomponents\httpclient\4.5.13\httpclient-4.5.13.jar;C:\Users\lenovo\.m2\repository\org\apache\httpcomponents\httpcore\4.4.13\httpcore-4.4.13.jar;C:\Users\lenovo\.m2\repository\commons-logging\commons-logging\1.2\commons-logging-1.2.jar;C:\Users\lenovo\.m2\repository\commons-codec\commons-codec\1.11\commons-codec-1.11.jar;C:\Users\lenovo\.m2\repository\org\apache\httpcomponents\httpmime\4.5.13\httpmime-4.5.13.jar;C:\Users\lenovo\.m2\repository\org\hamcrest\hamcrest\2.2\hamcrest-2.2.jar;C:\Users\lenovo\.m2\repository\org\ccil\cowan\tagsoup\tagsoup\1.2.1\tagsoup-1.2.1.jar;C:\Users\lenovo\.m2\repository\io\rest-assured\json-path\5.5.0\json-path-5.5.0.jar;C:\Users\lenovo\.m2\repository\org\apache\groovy\groovy-json\4.0.22\groovy-json-4.0.22.jar;C:\Users\lenovo\.m2\repository\io\rest-assured\rest-assured-common\5.5.0\rest-assured-common-5.5.0.jar;C:\Users\lenovo\.m2\repository\io\rest-assured\xml-path\5.5.0\xml-path-5.5.0.jar;C:\Users\lenovo\.m2\repository\org\apache\commons\commons-lang3\3.11\commons-lang3-3.11.jar;C:\Users\lenovo\.m2\repository\com\google\code\gson\gson\2.11.0\gson-2.11.0.jar;C:\Users\lenovo\.m2\repository\com\google\errorprone\error_prone_annotations\2.27.0\error_prone_annotations-2.27.0.jar;"/>
    <property name="allure.results.directory" value="D:\Sprint_7\target/allure-results"/>
    <property name="sun.cpu.endian" value="little"/>
    <property name="user.home" value="C:\Users\lenovo"/>
    <property name="user.language" value="ru"/>
    <property name="java.specification.vendor" value="Oracle Corporation"/>
    <property name="java.version.date" value="2024-10-15"/>
    <property name="java.home" value="C:\Users\lenovo\.jdks\openjdk-23.0.1"/>
    <property name="file.separator" value="\"/>
    <property name="basedir" value="D:\Sprint_7"/>
    <property name="java.vm.compressedOopsMode" value="Zero based"/>
    <property name="line.separator" value="&#10;"/>
    <property name="java.vm.specification.vendor" value="Oracle Corporation"/>
    <property name="java.specification.name" value="Java Platform API Specification"/>
    <property name="surefire.real.class.path" value="C:\Users\lenovo\AppData\Local\Temp\surefire14399156679664607607\surefirebooter1538823698926778055.jar"/>
    <property name="user.script" value=""/>
    <property name="sun.management.compiler" value="HotSpot 64-Bit Tiered Compilers"/>
    <property name="java.runtime.version" value="23.0.1+11-39"/>
    <property name="user.name" value="lenovo"/>
    <property name="stdout.encoding" value="Cp1251"/>
    <property name="path.separator" value=";"/>
    <property name="os.version" value="10.0"/>
    <property name="java.runtime.name" value="OpenJDK Runtime Environment"/>
    <property name="file.encoding" value="UTF-8"/>
    <property name="java.vm.name" value="OpenJDK 64-Bit Server VM"/>
    <property name="localRepository" value="C:\Users\lenovo\.m2\repository"/>
    <property name="java.vendor.url.bug" value="https://bugreport.java.com/bugreport/"/>
    <property name="java.io.tmpdir" value="C:\Users\lenovo\AppData\Local\Temp\"/>
    <property name="idea.version" value="2024.2.4"/>
    <property name="java.version" value="23.0.1"/>
    <property name="user.dir" value="D:\Sprint_7"/>
    <property name="os.arch" value="amd64"/>
    <property name="java.vm.specification.name" value="Java Virtual Machine Specification"/>
    <property name="sun.os.patch.level" value=""/>
    <property name="native.encoding" value="Cp1251"/>
    <property name="java.library.path" value="C:\Users\lenovo\.jdks\openjdk-23.0.1\bin;C:\WINDOWS\Sun\Java\bin;C:\WINDOWS\system32;C:\WINDOWS;C:\Program Files\Amazon Corretto\jdk11.0.25_9\bin;C:\WINDOWS\system32;C:\WINDOWS;C:\WINDOWS\System32\Wbem;C:\WINDOWS\System32\WindowsPowerShell\v1.0\;C:\WINDOWS\System32\OpenSSH\;C:\Program Files\WireGuard\;C:\Program Files\apache-maven-3.9.9\bin;C:\Program Files\Git\cmd;C:\Program Files\Git\mingw64\bin;C:\Program Files\Git\usr\bin;C:\WebDriver\bin;C:\Program Files\JetBrains\IntelliJ IDEA Community Edition 2024.2.4\plugins\maven\lib\maven3\bin;C:\Program Files\allure-2.32.0\bin;C:\Users\lenovo\AppData\Local\Microsoft\WindowsApps;C:\Program Files\allure-2.32.0\bin;;."/>
    <property name="java.vm.info" value="mixed mode, sharing"/>
    <property name="stderr.encoding" value="Cp1251"/>
    <property name="java.vendor" value="Oracle Corporation"/>
    <property name="java.vm.version" value="23.0.1+11-39"/>
    <property name="sun.io.unicode.encoding" value="UnicodeLittle"/>
    <property name="java.class.version" value="67.0"/>
  </properties>
  <testcase name="testMakeOrder[0]" classname="order.TestMakeOrder" time="0.422"/>
  <testcase name="testMakeOrder[1]" classname="order.TestMakeOrder" time="0.394"/>
  <testcase name="testMakeOrder[2]" classname="order.TestMakeOrder" time="0.437"/>
  <testcase name="testMakeOrder[3]" classname="order.TestMakeOrder" time="0.508"/>
</testsuite>